<?xml version="1.0" encoding="UTF-8"?>
<!-- Generated by org.testng.reporters.JUnitXMLReporter -->
<testsuite ignored="0" hostname="TGC-VRGNR-175" failures="0" tests="4" name="Default test" time="120.57" errors="0" timestamp="01 Dec 2025 10:39:16 GMT">
  <testcase classname="automationtestingedge.TC_001_android_FillForm_Para" name="errorValidation" time="11.716"/>
  <testcase classname="automationtestingedge.TC_001_android_FillForm_Para" name="errorValidation" time="15.487"/>
  <testcase classname="automationtestingedge.TC_001_android_FillForm_Para" name="formSubmitValidation" time="13.15"/>
  <testcase classname="automationtestingedge.TC_001_android_FillForm_Para" name="formSubmitValidation" time="18.73"/>
</testsuite> <!-- Default test -->
