<?xml version="1.0" encoding="UTF-8"?>
<!-- Generated by org.testng.reporters.JUnitXMLReporter -->
<testsuite ignored="0" hostname="TGC-VRGNR-175" failures="0" tests="4" name="All Tests" time="84.333" errors="0" timestamp="05 Dec 2025 12:21:41 GMT">
  <testcase classname="automationtestingedge.FillFormDataProviderTest" name="verifyMissingNameToast" time="12.032"/>
  <testcase classname="automationtestingedge.FillFormDataProviderTest" name="verifyMissingNameToast" time="14.97"/>
  <testcase classname="automationtestingedge.FillFormDataProviderTest" name="verifyFormSubmissionLoadsProducts" time="12.699"/>
  <testcase classname="automationtestingedge.FillFormDataProviderTest" name="verifyFormSubmissionLoadsProducts" time="16.959"/>
</testsuite> <!-- All Tests -->
