<?xml version="1.0" encoding="UTF-8"?>
<!-- Generated by org.testng.reporters.JUnitXMLReporter -->
<testsuite ignored="2" hostname="TGC-VRGNR-175" failures="0" tests="0" time="0.001" errors="0" timestamp="02 Dec 2025 08:04:14 GMT">
  <testcase classname="automationtestingedge.TC_002_android_addProductToCart" name="addMultipleProductToCart" time="0.0">
    <ignored/>
  </testcase> <!-- addMultipleProductToCart -->
  <testcase classname="automationtestingedge.TC_002_android_addProductToCart" name="addProductToCart" time="0.0">
    <ignored/>
  </testcase> <!-- addProductToCart -->
</testsuite>
