<?xml version="1.0" encoding="UTF-8"?>
<!-- Generated by org.testng.reporters.JUnitXMLReporter -->
<testsuite ignored="4" hostname="TGC-VRGNR-175" failures="0" tests="0" time="0.001" errors="0" timestamp="02 Dec 2025 08:04:14 GMT">
  <testcase classname="automationtestingedge.TC_All_android" name="formSubmitValidation" time="0.0">
    <ignored/>
  </testcase> <!-- formSubmitValidation -->
  <testcase classname="automationtestingedge.TC_All_android" name="errorValidation" time="0.0">
    <ignored/>
  </testcase> <!-- errorValidation -->
  <testcase classname="automationtestingedge.TC_All_android" name="addMultipleProductToCart" time="0.0">
    <ignored/>
  </testcase> <!-- addMultipleProductToCart -->
  <testcase classname="automationtestingedge.TC_All_android" name="addProductToCart" time="0.0">
    <ignored/>
  </testcase> <!-- addProductToCart -->
</testsuite>
