<?xml version="1.0" encoding="UTF-8"?>
<!-- Generated by org.testng.reporters.JUnitXMLReporter -->
<testsuite ignored="2" hostname="TGC-VRGNR-175" failures="0" tests="0" time="0.006" errors="0" timestamp="02 Dec 2025 08:04:14 GMT">
  <testcase classname="automationtestingedge.TC_001_android_FillForm" name="formSubmitValidation" time="0.0">
    <ignored/>
  </testcase> <!-- formSubmitValidation -->
  <testcase classname="automationtestingedge.TC_001_android_FillForm" name="errorValidation" time="0.0">
    <ignored/>
  </testcase> <!-- errorValidation -->
</testsuite>
