<?xml version="1.0" encoding="UTF-8"?>
<!-- Generated by org.testng.reporters.JUnitXMLReporter -->
<testsuite ignored="1" hostname="TGC-VRGNR-175" failures="0" tests="2" name="Fill Form Test with data parameterization" time="76.869" errors="0" timestamp="02 Dec 2025 08:05:31 GMT">
  <testcase classname="automationtestingedge.TC_004_android_FillForm_Para" name="formSubmitValidation" time="19.956"/>
  <testcase classname="automationtestingedge.TC_004_android_FillForm_Para" name="formSubmitValidation" time="23.223"/>
  <testcase classname="automationtestingedge.TC_004_android_FillForm_Para" name="errorValidation" time="0.0">
    <ignored/>
  </testcase> <!-- errorValidation -->
</testsuite> <!-- Fill Form Test with data parameterization -->
