<!DOCTYPE html>

<html>
  <head>
  <meta charset='utf-8'>
  <title>TestNG reports</title>

    <link type="text/css" href="testng-reports.css" rel="stylesheet" />
    <script type="text/javascript" src="jquery-1.7.1.min.js"></script>
    <script type="text/javascript" src="testng-reports.js"></script>
    <script type="text/javascript" src="https://www.google.com/jsapi"></script>
    <script type='text/javascript'>
      google.load('visualization', '1', {packages:['table']});
      google.setOnLoadCallback(drawTable);
      var suiteTableInitFunctions = new Array();
      var suiteTableData = new Array();
    </script>
    <!--
      <script type="text/javascript" src="jquery-ui/js/jquery-ui-1.8.16.custom.min.js"></script>
     -->
  </head>

  <body>
    <div class="top-banner-root">
      <span class="top-banner-title-font">Test results</span>
      <br/>
      <span class="top-banner-font-1">1 suite, 5 failed tests</span>
    </div> <!-- top-banner-root -->
    <div class="navigator-root">
      <div class="navigator-suite-header">
        <span>All suites</span>
        <a href="#" title="Collapse/expand all the suites" class="collapse-all-link">
          <img src="collapseall.gif" class="collapse-all-icon">
          </img> <!-- collapse-all-icon -->
        </a> <!-- collapse-all-link -->
      </div> <!-- navigator-suite-header -->
      <div class="suite">
        <div class="rounded-window">
          <div class="suite-header light-rounded-window-top">
            <a href="#" panel-name="suite-Master_Suite" class="navigator-link">
              <span class="suite-name border-failed">Master Suite</span>
            </a> <!-- navigator-link -->
          </div> <!-- suite-header light-rounded-window-top -->
          <div class="navigator-suite-content">
            <div class="suite-section-title">
              <span>Info</span>
            </div> <!-- suite-section-title -->
            <div class="suite-section-content">
              <ul>
                <li>
                  <a href="#" panel-name="test-xml-Master_Suite" class="navigator-link ">
                    <span>C:\Users\tgt661\eclipse-workspace\AppiumFramework\testNGSuites\master-suite.xml</span>
                  </a> <!-- navigator-link  -->
                </li>
                <li>
                  <a href="#" panel-name="testlist-Master_Suite" class="navigator-link ">
                    <span class="test-stats">1 test</span>
                  </a> <!-- navigator-link  -->
                </li>
                <li>
                  <a href="#" panel-name="group-Master_Suite" class="navigator-link ">
                    <span>3 groups</span>
                  </a> <!-- navigator-link  -->
                </li>
                <li>
                  <a href="#" panel-name="times-Master_Suite" class="navigator-link ">
                    <span>Times</span>
                  </a> <!-- navigator-link  -->
                </li>
                <li>
                  <a href="#" panel-name="reporter-Master_Suite" class="navigator-link ">
                    <span>Reporter output</span>
                  </a> <!-- navigator-link  -->
                </li>
                <li>
                  <a href="#" panel-name="ignored-methods-Master_Suite" class="navigator-link ">
                    <span>Ignored methods</span>
                  </a> <!-- navigator-link  -->
                </li>
                <li>
                  <a href="#" panel-name="chronological-Master_Suite" class="navigator-link ">
                    <span>Chronological view</span>
                  </a> <!-- navigator-link  -->
                </li>
              </ul>
            </div> <!-- suite-section-content -->
            <div class="result-section">
              <div class="suite-section-title">
                <span>Results</span>
              </div> <!-- suite-section-title -->
              <div class="suite-section-content">
                <ul>
                  <li>
                    <span class="method-stats">19 methods, 5 failed,   14 passed</span>
                  </li>
                  <li>
                    <span class="method-list-title failed">Failed methods</span>
                    <span class="show-or-hide-methods failed">
                      <a href="#" panel-name="suite-Master_Suite" class="hide-methods failed suite-Master_Suite"> (hide)</a> <!-- hide-methods failed suite-Master_Suite -->
                      <a href="#" panel-name="suite-Master_Suite" class="show-methods failed suite-Master_Suite"> (show)</a> <!-- show-methods failed suite-Master_Suite -->
                    </span>
                    <div class="method-list-content failed suite-Master_Suite">
                      <span>
                        <img src="failed.png" width="3%"/>
                        <a href="#" panel-name="suite-Master_Suite" title="automationtestingedge.FillFormDataProviderTest" class="method navigator-link" hash-for-method="verifyFormSubmissionLoadsProducts(testUser2, male, Aruba)">verifyFormSubmissionLoadsProducts(testUser2, male, Aruba)</a> <!-- method navigator-link -->
                      </span>
                      <br/>
                      <span>
                        <img src="failed.png" width="3%"/>
                        <a href="#" panel-name="suite-Master_Suite" title="automationtestingedge.FillFormDataProviderTest" class="method navigator-link" hash-for-method="verifyFormSubmissionLoadsProducts(testUser1, female, Argentina)">verifyFormSubmissionLoadsProducts(testUser1, female, Argentina)</a> <!-- method navigator-link -->
                      </span>
                      <br/>
                      <span>
                        <img src="failed.png" width="3%"/>
                        <a href="#" panel-name="suite-Master_Suite" title="automationtestingedge.FillFormTests" class="method navigator-link" hash-for-method="verifyMissingNameErrorToast">verifyMissingNameErrorToast</a> <!-- method navigator-link -->
                      </span>
                      <br/>
                      <span>
                        <img src="failed.png" width="3%"/>
                        <a href="#" panel-name="suite-Master_Suite" title="automationtestingedge.AddProductToCartTest" class="method navigator-link" hash-for-method="verifyMultipleProductsAddedToCart">verifyMultipleProductsAddedToCart</a> <!-- method navigator-link -->
                      </span>
                      <br/>
                      <span>
                        <img src="failed.png" width="3%"/>
                        <a href="#" panel-name="suite-Master_Suite" title="automationtestingedge.FillFormTests" class="method navigator-link" hash-for-method="verifySuccessfulFormSubmission">verifySuccessfulFormSubmission</a> <!-- method navigator-link -->
                      </span>
                      <br/>
                    </div> <!-- method-list-content failed suite-Master_Suite -->
                  </li>
                  <li>
                    <span class="method-list-title passed">Passed methods</span>
                    <span class="show-or-hide-methods passed">
                      <a href="#" panel-name="suite-Master_Suite" class="hide-methods passed suite-Master_Suite"> (hide)</a> <!-- hide-methods passed suite-Master_Suite -->
                      <a href="#" panel-name="suite-Master_Suite" class="show-methods passed suite-Master_Suite"> (show)</a> <!-- show-methods passed suite-Master_Suite -->
                    </span>
                    <div class="method-list-content passed suite-Master_Suite">
                      <span>
                        <img src="passed.png" width="3%"/>
                        <a href="#" panel-name="suite-Master_Suite" title="automationtestingedge.FillFormParameterizedTest" class="method navigator-link" hash-for-method="shouldNavigateToProductCatalogueAfterValidFormSubmit(testUser2, male, Aruba)">shouldNavigateToProductCatalogueAfterValidFormSubmit(testUser2, male, Aruba)</a> <!-- method navigator-link -->
                      </span>
                      <br/>
                      <span>
                        <img src="passed.png" width="3%"/>
                        <a href="#" panel-name="suite-Master_Suite" title="automationtestingedge.FillFormParameterizedTest" class="method navigator-link" hash-for-method="shouldNavigateToProductCatalogueAfterValidFormSubmit(testUser1, female, Argentina)">shouldNavigateToProductCatalogueAfterValidFormSubmit(testUser1, female, Argentina)</a> <!-- method navigator-link -->
                      </span>
                      <br/>
                      <span>
                        <img src="passed.png" width="3%"/>
                        <a href="#" panel-name="suite-Master_Suite" title="automationtestingedge.FillFormParameterizedTest" class="method navigator-link" hash-for-method="shouldShowErrorToastWhenNameIsMissing(testUser1, female, Argentina)">shouldShowErrorToastWhenNameIsMissing(testUser1, female, Argentina)</a> <!-- method navigator-link -->
                      </span>
                      <br/>
                      <span>
                        <img src="passed.png" width="3%"/>
                        <a href="#" panel-name="suite-Master_Suite" title="automationtestingedge.FillFormParameterizedTest" class="method navigator-link" hash-for-method="shouldShowErrorToastWhenNameIsMissing(testUser2, male, Aruba)">shouldShowErrorToastWhenNameIsMissing(testUser2, male, Aruba)</a> <!-- method navigator-link -->
                      </span>
                      <br/>
                      <span>
                        <img src="passed.png" width="3%"/>
                        <a href="#" panel-name="suite-Master_Suite" title="automationtestingedge.FillFormDataProviderTest" class="method navigator-link" hash-for-method="verifyMissingNameToast(male, Aruba)">verifyMissingNameToast(male, Aruba)</a> <!-- method navigator-link -->
                      </span>
                      <br/>
                      <span>
                        <img src="passed.png" width="3%"/>
                        <a href="#" panel-name="suite-Master_Suite" title="automationtestingedge.EndToEndFlowTest" class="method navigator-link" hash-for-method="verifyMissingNameToast">verifyMissingNameToast</a> <!-- method navigator-link -->
                      </span>
                      <br/>
                      <span>
                        <img src="passed.png" width="3%"/>
                        <a href="#" panel-name="suite-Master_Suite" title="automationtestingedge.FillFormDataProviderTest" class="method navigator-link" hash-for-method="verifyMissingNameToast(female, Argentina)">verifyMissingNameToast(female, Argentina)</a> <!-- method navigator-link -->
                      </span>
                      <br/>
                      <span>
                        <img src="passed.png" width="3%"/>
                        <a href="#" panel-name="suite-Master_Suite" title="automationtestingedge.EndToEndFlowTest" class="method navigator-link" hash-for-method="verifyMultipleProductCartTotal(testUser2, male, Aruba)">verifyMultipleProductCartTotal(testUser2, male, Aruba)</a> <!-- method navigator-link -->
                      </span>
                      <br/>
                      <span>
                        <img src="passed.png" width="3%"/>
                        <a href="#" panel-name="suite-Master_Suite" title="automationtestingedge.EndToEndFlowTest" class="method navigator-link" hash-for-method="verifyMultipleProductCartTotal(testUser1, female, Argentina)">verifyMultipleProductCartTotal(testUser1, female, Argentina)</a> <!-- method navigator-link -->
                      </span>
                      <br/>
                      <span>
                        <img src="passed.png" width="3%"/>
                        <a href="#" panel-name="suite-Master_Suite" title="automationtestingedge.EndToEndFlowTest" class="method navigator-link" hash-for-method="verifyProductCatalogueDisplayed(testUser1, female, Argentina)">verifyProductCatalogueDisplayed(testUser1, female, Argentina)</a> <!-- method navigator-link -->
                      </span>
                      <br/>
                      <span>
                        <img src="passed.png" width="3%"/>
                        <a href="#" panel-name="suite-Master_Suite" title="automationtestingedge.EndToEndFlowTest" class="method navigator-link" hash-for-method="verifyProductCatalogueDisplayed(testUser2, male, Aruba)">verifyProductCatalogueDisplayed(testUser2, male, Aruba)</a> <!-- method navigator-link -->
                      </span>
                      <br/>
                      <span>
                        <img src="passed.png" width="3%"/>
                        <a href="#" panel-name="suite-Master_Suite" title="automationtestingedge.AddProductToCartTest" class="method navigator-link" hash-for-method="verifySingleProductAddedToCart">verifySingleProductAddedToCart</a> <!-- method navigator-link -->
                      </span>
                      <br/>
                      <span>
                        <img src="passed.png" width="3%"/>
                        <a href="#" panel-name="suite-Master_Suite" title="automationtestingedge.EndToEndFlowTest" class="method navigator-link" hash-for-method="verifySingleProductCartTotal(testUser2, male, Aruba)">verifySingleProductCartTotal(testUser2, male, Aruba)</a> <!-- method navigator-link -->
                      </span>
                      <br/>
                      <span>
                        <img src="passed.png" width="3%"/>
                        <a href="#" panel-name="suite-Master_Suite" title="automationtestingedge.EndToEndFlowTest" class="method navigator-link" hash-for-method="verifySingleProductCartTotal(testUser1, female, Argentina)">verifySingleProductCartTotal(testUser1, female, Argentina)</a> <!-- method navigator-link -->
                      </span>
                      <br/>
                    </div> <!-- method-list-content passed suite-Master_Suite -->
                  </li>
                </ul>
              </div> <!-- suite-section-content -->
            </div> <!-- result-section -->
          </div> <!-- navigator-suite-content -->
        </div> <!-- rounded-window -->
      </div> <!-- suite -->
    </div> <!-- navigator-root -->
    <div class="wrapper">
      <div class="main-panel-root">
        <div panel-name="suite-Master_Suite" class="panel Master_Suite">
          <div class="suite-Master_Suite-class-failed">
            <div class="main-panel-header rounded-window-top">
              <img src="failed.png"/>
              <span class="class-name">automationtestingedge.FillFormTests</span>
            </div> <!-- main-panel-header rounded-window-top -->
            <div class="main-panel-content rounded-window-bottom">
              <div class="method">
                <div class="method-content">
                  <a name="verifyMissingNameErrorToast">
                  </a> <!-- verifyMissingNameErrorToast -->
                  <span class="method-name">verifyMissingNameErrorToast</span>
                  <div class="stack-trace">org.openqa.selenium.WebDriverException: &apos;POST /element&apos; cannot be proxied to UiAutomator2 server because the instrumentation process is not running (probably crashed). Check the server log and/or the logcat output for more details
Build info: version: &apos;4.13.0&apos;, revision: &apos;ba948ece5b*&apos;
System info: os.name: &apos;Windows 11&apos;, os.arch: &apos;amd64&apos;, os.version: &apos;10.0&apos;, java.version: &apos;11.0.29&apos;
Driver info: io.appium.java_client.android.AndroidDriver
Command: [76cb93a4-5123-42db-98a8-dcc63bc1b09c, findElement {using=id, value=com.androidsample.generalstore:id/nameField}]
Capabilities {appium:app: C:\Users\tgt661\eclipse-wor..., appium:appActivity: com.androidsample.generalst..., appium:appPackage: com.androidsample.generalstore, appium:automationName: UiAutomator2, appium:chromedriverExecutable: C:\Users\tgt661\eclipse-wor..., appium:databaseEnabled: false, appium:desired: {app: C:\Users\tgt661\eclipse-wor..., automationName: UiAutomator2, chromedriverExecutable: C:\Users\tgt661\eclipse-wor..., deviceName: emulator-5554, platformName: ANDROID, platformVersion: 16}, appium:deviceApiLevel: 36, appium:deviceManufacturer: Google, appium:deviceModel: sdk_gphone64_x86_64, appium:deviceName: emulator-5554, appium:deviceScreenDensity: 420, appium:deviceScreenSize: 1080x2400, appium:deviceUDID: emulator-5554, appium:javascriptEnabled: true, appium:locationContextEnabled: false, appium:networkConnectionEnabled: true, appium:pixelRatio: 2.625, appium:platformVersion: 16, appium:statBarHeight: 63, appium:takesScreenshot: true, appium:viewportRect: {height: 2337, left: 0, top: 63, width: 1080}, appium:warnings: {}, appium:webStorageEnabled: false, platformName: ANDROID}
Session ID: 76cb93a4-5123-42db-98a8-dcc63bc1b09c
	at org.openqa.selenium.remote.codec.w3c.W3CHttpResponseCodec.createException(W3CHttpResponseCodec.java:200)
	at org.openqa.selenium.remote.codec.w3c.W3CHttpResponseCodec.decode(W3CHttpResponseCodec.java:133)
	at org.openqa.selenium.remote.codec.w3c.W3CHttpResponseCodec.decode(W3CHttpResponseCodec.java:52)
	at org.openqa.selenium.remote.HttpCommandExecutor.execute(HttpCommandExecutor.java:191)
	at io.appium.java_client.remote.AppiumCommandExecutor.execute(AppiumCommandExecutor.java:250)
	at org.openqa.selenium.remote.RemoteWebDriver.execute(RemoteWebDriver.java:602)
	at org.openqa.selenium.remote.ElementLocation$ElementFinder$2.findElement(ElementLocation.java:165)
	at org.openqa.selenium.remote.ElementLocation.findElement(ElementLocation.java:66)
	at org.openqa.selenium.remote.RemoteWebDriver.findElement(RemoteWebDriver.java:359)
	at org.openqa.selenium.remote.RemoteWebDriver.findElement(RemoteWebDriver.java:353)
	at io.appium.java_client.pagefactory.bys.builder.ByChained.lambda$getSearchingFunction$0(ByChained.java:41)
	at org.openqa.selenium.support.ui.FluentWait.until(FluentWait.java:205)
	at io.appium.java_client.pagefactory.bys.builder.ByChained.findElement(ByChained.java:75)
	at org.openqa.selenium.remote.ElementLocation$ElementFinder$1.findElement(ElementLocation.java:139)
	at org.openqa.selenium.remote.ElementLocation.findElement(ElementLocation.java:81)
	at org.openqa.selenium.remote.RemoteWebDriver.findElement(RemoteWebDriver.java:359)
	at org.openqa.selenium.remote.RemoteWebDriver.findElement(RemoteWebDriver.java:353)
	at io.appium.java_client.pagefactory.bys.ContentMappedBy.findElement(ContentMappedBy.java:53)
	at org.openqa.selenium.remote.ElementLocation$ElementFinder$1.findElement(ElementLocation.java:139)
	at org.openqa.selenium.remote.ElementLocation.findElement(ElementLocation.java:81)
	at org.openqa.selenium.remote.RemoteWebDriver.findElement(RemoteWebDriver.java:359)
	at org.openqa.selenium.remote.RemoteWebDriver.findElement(RemoteWebDriver.java:353)
	at io.appium.java_client.pagefactory.AppiumElementLocator.lambda$findElement$1(AppiumElementLocator.java:160)
	at io.appium.java_client.pagefactory.AppiumElementLocator$WaitingFunction.apply(AppiumElementLocator.java:217)
	at io.appium.java_client.pagefactory.AppiumElementLocator$WaitingFunction.apply(AppiumElementLocator.java:210)
	at org.openqa.selenium.support.ui.FluentWait.until(FluentWait.java:205)
	at io.appium.java_client.pagefactory.AppiumElementLocator.waitFor(AppiumElementLocator.java:135)
	at io.appium.java_client.pagefactory.AppiumElementLocator.findElement(AppiumElementLocator.java:160)
	at io.appium.java_client.pagefactory.interceptors.InterceptorOfASingleElement.call(InterceptorOfASingleElement.java:64)
	at io.appium.java_client.proxy.Interceptor.intercept(Interceptor.java:78)
	at org.openqa.selenium.remote.RemoteWebElement$ByteBuddy$jYzA5ND3.isDisplayed(Unknown Source)
	at org.openqa.selenium.support.ui.ExpectedConditions.elementIfVisible(ExpectedConditions.java:304)
	at org.openqa.selenium.support.ui.ExpectedConditions.access$000(ExpectedConditions.java:37)
	at org.openqa.selenium.support.ui.ExpectedConditions$10.apply(ExpectedConditions.java:290)
	at org.openqa.selenium.support.ui.ExpectedConditions$10.apply(ExpectedConditions.java:287)
	at org.openqa.selenium.support.ui.FluentWait.until(FluentWait.java:205)
	at utils.AppiumUtils.waitForVisibility(AppiumUtils.java:82)
	at automationtestingedge.FillFormTests.verifyMissingNameErrorToast(FillFormTests.java:38)
... Removed 33 stack frames
</div> <!-- stack-trace -->
                  <em>
(GSTORE-FORM-001 | Validate missing name error)                  </em>
                </div> <!-- method-content -->
              </div> <!-- method -->
              <div class="method">
                <div class="method-content">
                  <a name="verifySuccessfulFormSubmission">
                  </a> <!-- verifySuccessfulFormSubmission -->
                  <span class="method-name">verifySuccessfulFormSubmission</span>
                  <div class="stack-trace">org.openqa.selenium.WebDriverException: &apos;POST /element&apos; cannot be proxied to UiAutomator2 server because the instrumentation process is not running (probably crashed). Check the server log and/or the logcat output for more details
Build info: version: &apos;4.13.0&apos;, revision: &apos;ba948ece5b*&apos;
System info: os.name: &apos;Windows 11&apos;, os.arch: &apos;amd64&apos;, os.version: &apos;10.0&apos;, java.version: &apos;11.0.29&apos;
Driver info: io.appium.java_client.android.AndroidDriver
Command: [76cb93a4-5123-42db-98a8-dcc63bc1b09c, findElement {using=id, value=com.androidsample.generalstore:id/nameField}]
Capabilities {appium:app: C:\Users\tgt661\eclipse-wor..., appium:appActivity: com.androidsample.generalst..., appium:appPackage: com.androidsample.generalstore, appium:automationName: UiAutomator2, appium:chromedriverExecutable: C:\Users\tgt661\eclipse-wor..., appium:databaseEnabled: false, appium:desired: {app: C:\Users\tgt661\eclipse-wor..., automationName: UiAutomator2, chromedriverExecutable: C:\Users\tgt661\eclipse-wor..., deviceName: emulator-5554, platformName: ANDROID, platformVersion: 16}, appium:deviceApiLevel: 36, appium:deviceManufacturer: Google, appium:deviceModel: sdk_gphone64_x86_64, appium:deviceName: emulator-5554, appium:deviceScreenDensity: 420, appium:deviceScreenSize: 1080x2400, appium:deviceUDID: emulator-5554, appium:javascriptEnabled: true, appium:locationContextEnabled: false, appium:networkConnectionEnabled: true, appium:pixelRatio: 2.625, appium:platformVersion: 16, appium:statBarHeight: 63, appium:takesScreenshot: true, appium:viewportRect: {height: 2337, left: 0, top: 63, width: 1080}, appium:warnings: {}, appium:webStorageEnabled: false, platformName: ANDROID}
Session ID: 76cb93a4-5123-42db-98a8-dcc63bc1b09c
	at org.openqa.selenium.remote.codec.w3c.W3CHttpResponseCodec.createException(W3CHttpResponseCodec.java:200)
	at org.openqa.selenium.remote.codec.w3c.W3CHttpResponseCodec.decode(W3CHttpResponseCodec.java:133)
	at org.openqa.selenium.remote.codec.w3c.W3CHttpResponseCodec.decode(W3CHttpResponseCodec.java:52)
	at org.openqa.selenium.remote.HttpCommandExecutor.execute(HttpCommandExecutor.java:191)
	at io.appium.java_client.remote.AppiumCommandExecutor.execute(AppiumCommandExecutor.java:250)
	at org.openqa.selenium.remote.RemoteWebDriver.execute(RemoteWebDriver.java:602)
	at org.openqa.selenium.remote.ElementLocation$ElementFinder$2.findElement(ElementLocation.java:165)
	at org.openqa.selenium.remote.ElementLocation.findElement(ElementLocation.java:66)
	at org.openqa.selenium.remote.RemoteWebDriver.findElement(RemoteWebDriver.java:359)
	at org.openqa.selenium.remote.RemoteWebDriver.findElement(RemoteWebDriver.java:353)
	at io.appium.java_client.pagefactory.bys.builder.ByChained.lambda$getSearchingFunction$0(ByChained.java:41)
	at org.openqa.selenium.support.ui.FluentWait.until(FluentWait.java:205)
	at io.appium.java_client.pagefactory.bys.builder.ByChained.findElement(ByChained.java:75)
	at org.openqa.selenium.remote.ElementLocation$ElementFinder$1.findElement(ElementLocation.java:139)
	at org.openqa.selenium.remote.ElementLocation.findElement(ElementLocation.java:81)
	at org.openqa.selenium.remote.RemoteWebDriver.findElement(RemoteWebDriver.java:359)
	at org.openqa.selenium.remote.RemoteWebDriver.findElement(RemoteWebDriver.java:353)
	at io.appium.java_client.pagefactory.bys.ContentMappedBy.findElement(ContentMappedBy.java:53)
	at org.openqa.selenium.remote.ElementLocation$ElementFinder$1.findElement(ElementLocation.java:139)
	at org.openqa.selenium.remote.ElementLocation.findElement(ElementLocation.java:81)
	at org.openqa.selenium.remote.RemoteWebDriver.findElement(RemoteWebDriver.java:359)
	at org.openqa.selenium.remote.RemoteWebDriver.findElement(RemoteWebDriver.java:353)
	at io.appium.java_client.pagefactory.AppiumElementLocator.lambda$findElement$1(AppiumElementLocator.java:160)
	at io.appium.java_client.pagefactory.AppiumElementLocator$WaitingFunction.apply(AppiumElementLocator.java:217)
	at io.appium.java_client.pagefactory.AppiumElementLocator$WaitingFunction.apply(AppiumElementLocator.java:210)
	at org.openqa.selenium.support.ui.FluentWait.until(FluentWait.java:205)
	at io.appium.java_client.pagefactory.AppiumElementLocator.waitFor(AppiumElementLocator.java:135)
	at io.appium.java_client.pagefactory.AppiumElementLocator.findElement(AppiumElementLocator.java:160)
	at io.appium.java_client.pagefactory.interceptors.InterceptorOfASingleElement.call(InterceptorOfASingleElement.java:64)
	at io.appium.java_client.proxy.Interceptor.intercept(Interceptor.java:78)
	at org.openqa.selenium.remote.RemoteWebElement$ByteBuddy$jYzA5ND3.isDisplayed(Unknown Source)
	at org.openqa.selenium.support.ui.ExpectedConditions.elementIfVisible(ExpectedConditions.java:304)
	at org.openqa.selenium.support.ui.ExpectedConditions.access$000(ExpectedConditions.java:37)
	at org.openqa.selenium.support.ui.ExpectedConditions$10.apply(ExpectedConditions.java:290)
	at org.openqa.selenium.support.ui.ExpectedConditions$10.apply(ExpectedConditions.java:287)
	at org.openqa.selenium.support.ui.FluentWait.until(FluentWait.java:205)
	at utils.AppiumUtils.waitForVisibility(AppiumUtils.java:82)
	at automationtestingedge.FillFormTests.verifySuccessfulFormSubmission(FillFormTests.java:52)
... Removed 33 stack frames
</div> <!-- stack-trace -->
                  <em>
(GSTORE-FORM-002 | Validate successful form submission)                  </em>
                </div> <!-- method-content -->
              </div> <!-- method -->
            </div> <!-- main-panel-content rounded-window-bottom -->
          </div> <!-- suite-Master_Suite-class-failed -->
          <div class="suite-Master_Suite-class-failed">
            <div class="main-panel-header rounded-window-top">
              <img src="failed.png"/>
              <span class="class-name">automationtestingedge.FillFormDataProviderTest</span>
            </div> <!-- main-panel-header rounded-window-top -->
            <div class="main-panel-content rounded-window-bottom">
              <div class="method">
                <div class="method-content">
                  <a name="verifyFormSubmissionLoadsProducts(testUser2, male, Aruba)">
                  </a> <!-- verifyFormSubmissionLoadsProducts(testUser2, male, Aruba) -->
                  <span class="method-name">verifyFormSubmissionLoadsProducts</span>
                  <span class="parameters">(testUser2, male, Aruba)</span>
                  <div class="stack-trace">org.openqa.selenium.NoSuchSessionException: A session is either terminated or not started
Build info: version: &apos;4.13.0&apos;, revision: &apos;ba948ece5b*&apos;
System info: os.name: &apos;Windows 11&apos;, os.arch: &apos;amd64&apos;, os.version: &apos;10.0&apos;, java.version: &apos;11.0.29&apos;
Driver info: io.appium.java_client.android.AndroidDriver
Command: [8bbf05f9-cbd2-43f7-98ba-b32be11aa489, findElement {using=id, value=com.androidsample.generalstore:id/nameField}]
Capabilities {appium:app: C:\Users\tgt661\eclipse-wor..., appium:appActivity: com.androidsample.generalst..., appium:appPackage: com.androidsample.generalstore, appium:automationName: UiAutomator2, appium:chromedriverExecutable: C:\Users\tgt661\eclipse-wor..., appium:databaseEnabled: false, appium:desired: {app: C:\Users\tgt661\eclipse-wor..., automationName: UiAutomator2, chromedriverExecutable: C:\Users\tgt661\eclipse-wor..., deviceName: emulator-5554, platformName: ANDROID, platformVersion: 16}, appium:deviceApiLevel: 36, appium:deviceManufacturer: Google, appium:deviceModel: sdk_gphone64_x86_64, appium:deviceName: emulator-5554, appium:deviceScreenDensity: 420, appium:deviceScreenSize: 1080x2400, appium:deviceUDID: emulator-5554, appium:javascriptEnabled: true, appium:locationContextEnabled: false, appium:networkConnectionEnabled: true, appium:pixelRatio: 2.625, appium:platformVersion: 16, appium:statBarHeight: 63, appium:takesScreenshot: true, appium:viewportRect: {height: 2337, left: 0, top: 63, width: 1080}, appium:warnings: {}, appium:webStorageEnabled: false, platformName: ANDROID}
Session ID: 8bbf05f9-cbd2-43f7-98ba-b32be11aa489
	at org.openqa.selenium.remote.codec.w3c.W3CHttpResponseCodec.createException(W3CHttpResponseCodec.java:200)
	at org.openqa.selenium.remote.codec.w3c.W3CHttpResponseCodec.decode(W3CHttpResponseCodec.java:133)
	at org.openqa.selenium.remote.codec.w3c.W3CHttpResponseCodec.decode(W3CHttpResponseCodec.java:52)
	at org.openqa.selenium.remote.HttpCommandExecutor.execute(HttpCommandExecutor.java:191)
	at io.appium.java_client.remote.AppiumCommandExecutor.execute(AppiumCommandExecutor.java:250)
	at org.openqa.selenium.remote.RemoteWebDriver.execute(RemoteWebDriver.java:602)
	at org.openqa.selenium.remote.ElementLocation$ElementFinder$2.findElement(ElementLocation.java:165)
	at org.openqa.selenium.remote.ElementLocation.findElement(ElementLocation.java:59)
	at org.openqa.selenium.remote.RemoteWebDriver.findElement(RemoteWebDriver.java:359)
	at org.openqa.selenium.remote.RemoteWebDriver.findElement(RemoteWebDriver.java:353)
	at io.appium.java_client.pagefactory.bys.builder.ByChained.lambda$getSearchingFunction$0(ByChained.java:41)
	at org.openqa.selenium.support.ui.FluentWait.until(FluentWait.java:205)
	at io.appium.java_client.pagefactory.bys.builder.ByChained.findElement(ByChained.java:75)
	at org.openqa.selenium.remote.ElementLocation$ElementFinder$1.findElement(ElementLocation.java:139)
	at org.openqa.selenium.remote.ElementLocation.findElement(ElementLocation.java:59)
	at org.openqa.selenium.remote.RemoteWebDriver.findElement(RemoteWebDriver.java:359)
	at org.openqa.selenium.remote.RemoteWebDriver.findElement(RemoteWebDriver.java:353)
	at io.appium.java_client.pagefactory.bys.ContentMappedBy.findElement(ContentMappedBy.java:53)
	at org.openqa.selenium.remote.ElementLocation$ElementFinder$1.findElement(ElementLocation.java:139)
	at org.openqa.selenium.remote.ElementLocation.findElement(ElementLocation.java:59)
	at org.openqa.selenium.remote.RemoteWebDriver.findElement(RemoteWebDriver.java:359)
	at org.openqa.selenium.remote.RemoteWebDriver.findElement(RemoteWebDriver.java:353)
	at io.appium.java_client.pagefactory.AppiumElementLocator.lambda$findElement$1(AppiumElementLocator.java:160)
	at io.appium.java_client.pagefactory.AppiumElementLocator$WaitingFunction.apply(AppiumElementLocator.java:217)
	at io.appium.java_client.pagefactory.AppiumElementLocator$WaitingFunction.apply(AppiumElementLocator.java:210)
	at org.openqa.selenium.support.ui.FluentWait.until(FluentWait.java:205)
	at io.appium.java_client.pagefactory.AppiumElementLocator.waitFor(AppiumElementLocator.java:135)
	at io.appium.java_client.pagefactory.AppiumElementLocator.findElement(AppiumElementLocator.java:160)
	at io.appium.java_client.pagefactory.interceptors.InterceptorOfASingleElement.call(InterceptorOfASingleElement.java:64)
	at io.appium.java_client.proxy.Interceptor.intercept(Interceptor.java:78)
	at org.openqa.selenium.remote.RemoteWebElement$ByteBuddy$vdsgYdLY.isDisplayed(Unknown Source)
	at org.openqa.selenium.support.ui.ExpectedConditions.elementIfVisible(ExpectedConditions.java:304)
	at org.openqa.selenium.support.ui.ExpectedConditions.access$000(ExpectedConditions.java:37)
	at org.openqa.selenium.support.ui.ExpectedConditions$10.apply(ExpectedConditions.java:290)
	at org.openqa.selenium.support.ui.ExpectedConditions$10.apply(ExpectedConditions.java:287)
	at org.openqa.selenium.support.ui.FluentWait.until(FluentWait.java:205)
	at utils.AppiumUtils.waitForVisibility(AppiumUtils.java:82)
	at automationtestingedge.FillFormDataProviderTest.verifyFormSubmissionLoadsProducts(FillFormDataProviderTest.java:46)
... Removed 33 stack frames
</div> <!-- stack-trace -->
                  <em>
(GSTORE-FORM-006 | Validate form submission with valid data)                  </em>
                </div> <!-- method-content -->
              </div> <!-- method -->
              <div class="method">
                <div class="method-content">
                  <a name="verifyFormSubmissionLoadsProducts(testUser1, female, Argentina)">
                  </a> <!-- verifyFormSubmissionLoadsProducts(testUser1, female, Argentina) -->
                  <span class="method-name">verifyFormSubmissionLoadsProducts</span>
                  <span class="parameters">(testUser1, female, Argentina)</span>
                  <div class="stack-trace">org.openqa.selenium.NoSuchSessionException: A session is either terminated or not started
Build info: version: &apos;4.13.0&apos;, revision: &apos;ba948ece5b*&apos;
System info: os.name: &apos;Windows 11&apos;, os.arch: &apos;amd64&apos;, os.version: &apos;10.0&apos;, java.version: &apos;11.0.29&apos;
Driver info: io.appium.java_client.android.AndroidDriver
Command: [8bbf05f9-cbd2-43f7-98ba-b32be11aa489, findElement {using=id, value=com.androidsample.generalstore:id/nameField}]
Capabilities {appium:app: C:\Users\tgt661\eclipse-wor..., appium:appActivity: com.androidsample.generalst..., appium:appPackage: com.androidsample.generalstore, appium:automationName: UiAutomator2, appium:chromedriverExecutable: C:\Users\tgt661\eclipse-wor..., appium:databaseEnabled: false, appium:desired: {app: C:\Users\tgt661\eclipse-wor..., automationName: UiAutomator2, chromedriverExecutable: C:\Users\tgt661\eclipse-wor..., deviceName: emulator-5554, platformName: ANDROID, platformVersion: 16}, appium:deviceApiLevel: 36, appium:deviceManufacturer: Google, appium:deviceModel: sdk_gphone64_x86_64, appium:deviceName: emulator-5554, appium:deviceScreenDensity: 420, appium:deviceScreenSize: 1080x2400, appium:deviceUDID: emulator-5554, appium:javascriptEnabled: true, appium:locationContextEnabled: false, appium:networkConnectionEnabled: true, appium:pixelRatio: 2.625, appium:platformVersion: 16, appium:statBarHeight: 63, appium:takesScreenshot: true, appium:viewportRect: {height: 2337, left: 0, top: 63, width: 1080}, appium:warnings: {}, appium:webStorageEnabled: false, platformName: ANDROID}
Session ID: 8bbf05f9-cbd2-43f7-98ba-b32be11aa489
	at org.openqa.selenium.remote.codec.w3c.W3CHttpResponseCodec.createException(W3CHttpResponseCodec.java:200)
	at org.openqa.selenium.remote.codec.w3c.W3CHttpResponseCodec.decode(W3CHttpResponseCodec.java:133)
	at org.openqa.selenium.remote.codec.w3c.W3CHttpResponseCodec.decode(W3CHttpResponseCodec.java:52)
	at org.openqa.selenium.remote.HttpCommandExecutor.execute(HttpCommandExecutor.java:191)
	at io.appium.java_client.remote.AppiumCommandExecutor.execute(AppiumCommandExecutor.java:250)
	at org.openqa.selenium.remote.RemoteWebDriver.execute(RemoteWebDriver.java:602)
	at org.openqa.selenium.remote.ElementLocation$ElementFinder$2.findElement(ElementLocation.java:165)
	at org.openqa.selenium.remote.ElementLocation.findElement(ElementLocation.java:59)
	at org.openqa.selenium.remote.RemoteWebDriver.findElement(RemoteWebDriver.java:359)
	at org.openqa.selenium.remote.RemoteWebDriver.findElement(RemoteWebDriver.java:353)
	at io.appium.java_client.pagefactory.bys.builder.ByChained.lambda$getSearchingFunction$0(ByChained.java:41)
	at org.openqa.selenium.support.ui.FluentWait.until(FluentWait.java:205)
	at io.appium.java_client.pagefactory.bys.builder.ByChained.findElement(ByChained.java:75)
	at org.openqa.selenium.remote.ElementLocation$ElementFinder$1.findElement(ElementLocation.java:139)
	at org.openqa.selenium.remote.ElementLocation.findElement(ElementLocation.java:59)
	at org.openqa.selenium.remote.RemoteWebDriver.findElement(RemoteWebDriver.java:359)
	at org.openqa.selenium.remote.RemoteWebDriver.findElement(RemoteWebDriver.java:353)
	at io.appium.java_client.pagefactory.bys.ContentMappedBy.findElement(ContentMappedBy.java:53)
	at org.openqa.selenium.remote.ElementLocation$ElementFinder$1.findElement(ElementLocation.java:139)
	at org.openqa.selenium.remote.ElementLocation.findElement(ElementLocation.java:59)
	at org.openqa.selenium.remote.RemoteWebDriver.findElement(RemoteWebDriver.java:359)
	at org.openqa.selenium.remote.RemoteWebDriver.findElement(RemoteWebDriver.java:353)
	at io.appium.java_client.pagefactory.AppiumElementLocator.lambda$findElement$1(AppiumElementLocator.java:160)
	at io.appium.java_client.pagefactory.AppiumElementLocator$WaitingFunction.apply(AppiumElementLocator.java:217)
	at io.appium.java_client.pagefactory.AppiumElementLocator$WaitingFunction.apply(AppiumElementLocator.java:210)
	at org.openqa.selenium.support.ui.FluentWait.until(FluentWait.java:205)
	at io.appium.java_client.pagefactory.AppiumElementLocator.waitFor(AppiumElementLocator.java:135)
	at io.appium.java_client.pagefactory.AppiumElementLocator.findElement(AppiumElementLocator.java:160)
	at io.appium.java_client.pagefactory.interceptors.InterceptorOfASingleElement.call(InterceptorOfASingleElement.java:64)
	at io.appium.java_client.proxy.Interceptor.intercept(Interceptor.java:78)
	at org.openqa.selenium.remote.RemoteWebElement$ByteBuddy$vdsgYdLY.isDisplayed(Unknown Source)
	at org.openqa.selenium.support.ui.ExpectedConditions.elementIfVisible(ExpectedConditions.java:304)
	at org.openqa.selenium.support.ui.ExpectedConditions.access$000(ExpectedConditions.java:37)
	at org.openqa.selenium.support.ui.ExpectedConditions$10.apply(ExpectedConditions.java:290)
	at org.openqa.selenium.support.ui.ExpectedConditions$10.apply(ExpectedConditions.java:287)
	at org.openqa.selenium.support.ui.FluentWait.until(FluentWait.java:205)
	at utils.AppiumUtils.waitForVisibility(AppiumUtils.java:82)
	at automationtestingedge.FillFormDataProviderTest.verifyFormSubmissionLoadsProducts(FillFormDataProviderTest.java:46)
... Removed 33 stack frames
</div> <!-- stack-trace -->
                  <em>
(GSTORE-FORM-006 | Validate form submission with valid data)                  </em>
                </div> <!-- method-content -->
              </div> <!-- method -->
            </div> <!-- main-panel-content rounded-window-bottom -->
          </div> <!-- suite-Master_Suite-class-failed -->
          <div class="suite-Master_Suite-class-failed">
            <div class="main-panel-header rounded-window-top">
              <img src="failed.png"/>
              <span class="class-name">automationtestingedge.AddProductToCartTest</span>
            </div> <!-- main-panel-header rounded-window-top -->
            <div class="main-panel-content rounded-window-bottom">
              <div class="method">
                <div class="method-content">
                  <a name="verifyMultipleProductsAddedToCart">
                  </a> <!-- verifyMultipleProductsAddedToCart -->
                  <span class="method-name">verifyMultipleProductsAddedToCart</span>
                  <div class="stack-trace">org.openqa.selenium.WebDriverException: &apos;POST /element&apos; cannot be proxied to UiAutomator2 server because the instrumentation process is not running (probably crashed). Check the server log and/or the logcat output for more details
Build info: version: &apos;4.13.0&apos;, revision: &apos;ba948ece5b*&apos;
System info: os.name: &apos;Windows 11&apos;, os.arch: &apos;amd64&apos;, os.version: &apos;10.0&apos;, java.version: &apos;11.0.29&apos;
Driver info: io.appium.java_client.android.AndroidDriver
Command: [d3af9dd7-828e-474a-a994-7228f7786728, findElement {using=id, value=com.androidsample.generalstore:id/nameField}]
Capabilities {appium:app: C:\Users\tgt661\eclipse-wor..., appium:appActivity: com.androidsample.generalst..., appium:appPackage: com.androidsample.generalstore, appium:automationName: UiAutomator2, appium:chromedriverExecutable: C:\Users\tgt661\eclipse-wor..., appium:databaseEnabled: false, appium:desired: {app: C:\Users\tgt661\eclipse-wor..., automationName: UiAutomator2, chromedriverExecutable: C:\Users\tgt661\eclipse-wor..., deviceName: emulator-5554, platformName: ANDROID, platformVersion: 16}, appium:deviceApiLevel: 36, appium:deviceManufacturer: Google, appium:deviceModel: sdk_gphone64_x86_64, appium:deviceName: emulator-5554, appium:deviceScreenDensity: 420, appium:deviceScreenSize: 1080x2400, appium:deviceUDID: emulator-5554, appium:javascriptEnabled: true, appium:locationContextEnabled: false, appium:networkConnectionEnabled: true, appium:pixelRatio: 2.625, appium:platformVersion: 16, appium:statBarHeight: 63, appium:takesScreenshot: true, appium:viewportRect: {height: 2337, left: 0, top: 63, width: 1080}, appium:warnings: {}, appium:webStorageEnabled: false, platformName: ANDROID}
Session ID: d3af9dd7-828e-474a-a994-7228f7786728
	at org.openqa.selenium.remote.codec.w3c.W3CHttpResponseCodec.createException(W3CHttpResponseCodec.java:200)
	at org.openqa.selenium.remote.codec.w3c.W3CHttpResponseCodec.decode(W3CHttpResponseCodec.java:133)
	at org.openqa.selenium.remote.codec.w3c.W3CHttpResponseCodec.decode(W3CHttpResponseCodec.java:52)
	at org.openqa.selenium.remote.HttpCommandExecutor.execute(HttpCommandExecutor.java:191)
	at io.appium.java_client.remote.AppiumCommandExecutor.execute(AppiumCommandExecutor.java:250)
	at org.openqa.selenium.remote.RemoteWebDriver.execute(RemoteWebDriver.java:602)
	at org.openqa.selenium.remote.ElementLocation$ElementFinder$2.findElement(ElementLocation.java:165)
	at org.openqa.selenium.remote.ElementLocation.findElement(ElementLocation.java:59)
	at org.openqa.selenium.remote.RemoteWebDriver.findElement(RemoteWebDriver.java:359)
	at org.openqa.selenium.remote.RemoteWebDriver.findElement(RemoteWebDriver.java:353)
	at io.appium.java_client.pagefactory.bys.builder.ByChained.lambda$getSearchingFunction$0(ByChained.java:41)
	at org.openqa.selenium.support.ui.FluentWait.until(FluentWait.java:205)
	at io.appium.java_client.pagefactory.bys.builder.ByChained.findElement(ByChained.java:75)
	at org.openqa.selenium.remote.ElementLocation$ElementFinder$1.findElement(ElementLocation.java:139)
	at org.openqa.selenium.remote.ElementLocation.findElement(ElementLocation.java:59)
	at org.openqa.selenium.remote.RemoteWebDriver.findElement(RemoteWebDriver.java:359)
	at org.openqa.selenium.remote.RemoteWebDriver.findElement(RemoteWebDriver.java:353)
	at io.appium.java_client.pagefactory.bys.ContentMappedBy.findElement(ContentMappedBy.java:53)
	at org.openqa.selenium.remote.ElementLocation$ElementFinder$1.findElement(ElementLocation.java:139)
	at org.openqa.selenium.remote.ElementLocation.findElement(ElementLocation.java:59)
	at org.openqa.selenium.remote.RemoteWebDriver.findElement(RemoteWebDriver.java:359)
	at org.openqa.selenium.remote.RemoteWebDriver.findElement(RemoteWebDriver.java:353)
	at io.appium.java_client.pagefactory.AppiumElementLocator.lambda$findElement$1(AppiumElementLocator.java:160)
	at io.appium.java_client.pagefactory.AppiumElementLocator$WaitingFunction.apply(AppiumElementLocator.java:217)
	at io.appium.java_client.pagefactory.AppiumElementLocator$WaitingFunction.apply(AppiumElementLocator.java:210)
	at org.openqa.selenium.support.ui.FluentWait.until(FluentWait.java:205)
	at io.appium.java_client.pagefactory.AppiumElementLocator.waitFor(AppiumElementLocator.java:135)
	at io.appium.java_client.pagefactory.AppiumElementLocator.findElement(AppiumElementLocator.java:160)
	at io.appium.java_client.pagefactory.interceptors.InterceptorOfASingleElement.call(InterceptorOfASingleElement.java:64)
	at io.appium.java_client.proxy.Interceptor.intercept(Interceptor.java:78)
	at org.openqa.selenium.remote.RemoteWebElement$ByteBuddy$aWIPvpwN.isDisplayed(Unknown Source)
	at org.openqa.selenium.support.ui.ExpectedConditions.elementIfVisible(ExpectedConditions.java:304)
	at org.openqa.selenium.support.ui.ExpectedConditions.access$000(ExpectedConditions.java:37)
	at org.openqa.selenium.support.ui.ExpectedConditions$10.apply(ExpectedConditions.java:290)
	at org.openqa.selenium.support.ui.ExpectedConditions$10.apply(ExpectedConditions.java:287)
	at org.openqa.selenium.support.ui.FluentWait.until(FluentWait.java:205)
	at utils.AppiumUtils.waitForVisibility(AppiumUtils.java:82)
	at automationtestingedge.AddProductToCartTest.verifyMultipleProductsAddedToCart(AddProductToCartTest.java:53)
... Removed 33 stack frames
</div> <!-- stack-trace -->
                  <em>
(GSTORE-CART-004 | Validate adding multiple products to cart)                  </em>
                </div> <!-- method-content -->
              </div> <!-- method -->
            </div> <!-- main-panel-content rounded-window-bottom -->
          </div> <!-- suite-Master_Suite-class-failed -->
          <div class="suite-Master_Suite-class-passed">
            <div class="main-panel-header rounded-window-top">
              <img src="passed.png"/>
              <span class="class-name">automationtestingedge.EndToEndFlowTest</span>
            </div> <!-- main-panel-header rounded-window-top -->
            <div class="main-panel-content rounded-window-bottom">
              <div class="method">
                <div class="method-content">
                  <a name="verifyMissingNameToast">
                  </a> <!-- verifyMissingNameToast -->
                  <span class="method-name">verifyMissingNameToast</span>
                  <em>
(GSTORE-FORM-007 | Validate toast when name is missing)                  </em>
                </div> <!-- method-content -->
              </div> <!-- method -->
              <div class="method">
                <div class="method-content">
                  <a name="verifyMultipleProductCartTotal(testUser2, male, Aruba)">
                  </a> <!-- verifyMultipleProductCartTotal(testUser2, male, Aruba) -->
                  <span class="method-name">verifyMultipleProductCartTotal</span>
                  <span class="parameters">(testUser2, male, Aruba)</span>
                  <em>
(GSTORE-FORM-010 | Validate multiple product cart total)                  </em>
                </div> <!-- method-content -->
              </div> <!-- method -->
              <div class="method">
                <div class="method-content">
                  <a name="verifyMultipleProductCartTotal(testUser1, female, Argentina)">
                  </a> <!-- verifyMultipleProductCartTotal(testUser1, female, Argentina) -->
                  <span class="method-name">verifyMultipleProductCartTotal</span>
                  <span class="parameters">(testUser1, female, Argentina)</span>
                  <em>
(GSTORE-FORM-010 | Validate multiple product cart total)                  </em>
                </div> <!-- method-content -->
              </div> <!-- method -->
              <div class="method">
                <div class="method-content">
                  <a name="verifyProductCatalogueDisplayed(testUser1, female, Argentina)">
                  </a> <!-- verifyProductCatalogueDisplayed(testUser1, female, Argentina) -->
                  <span class="method-name">verifyProductCatalogueDisplayed</span>
                  <span class="parameters">(testUser1, female, Argentina)</span>
                  <em>
(GSTORE-FORM-008 | Validate product catalogue visibility after valid form submit)                  </em>
                </div> <!-- method-content -->
              </div> <!-- method -->
              <div class="method">
                <div class="method-content">
                  <a name="verifyProductCatalogueDisplayed(testUser2, male, Aruba)">
                  </a> <!-- verifyProductCatalogueDisplayed(testUser2, male, Aruba) -->
                  <span class="method-name">verifyProductCatalogueDisplayed</span>
                  <span class="parameters">(testUser2, male, Aruba)</span>
                  <em>
(GSTORE-FORM-008 | Validate product catalogue visibility after valid form submit)                  </em>
                </div> <!-- method-content -->
              </div> <!-- method -->
              <div class="method">
                <div class="method-content">
                  <a name="verifySingleProductCartTotal(testUser2, male, Aruba)">
                  </a> <!-- verifySingleProductCartTotal(testUser2, male, Aruba) -->
                  <span class="method-name">verifySingleProductCartTotal</span>
                  <span class="parameters">(testUser2, male, Aruba)</span>
                  <em>
(GSTORE-FORM-009 | Validate single product cart total)                  </em>
                </div> <!-- method-content -->
              </div> <!-- method -->
              <div class="method">
                <div class="method-content">
                  <a name="verifySingleProductCartTotal(testUser1, female, Argentina)">
                  </a> <!-- verifySingleProductCartTotal(testUser1, female, Argentina) -->
                  <span class="method-name">verifySingleProductCartTotal</span>
                  <span class="parameters">(testUser1, female, Argentina)</span>
                  <em>
(GSTORE-FORM-009 | Validate single product cart total)                  </em>
                </div> <!-- method-content -->
              </div> <!-- method -->
            </div> <!-- main-panel-content rounded-window-bottom -->
          </div> <!-- suite-Master_Suite-class-passed -->
          <div class="suite-Master_Suite-class-passed">
            <div class="main-panel-header rounded-window-top">
              <img src="passed.png"/>
              <span class="class-name">automationtestingedge.FillFormDataProviderTest</span>
            </div> <!-- main-panel-header rounded-window-top -->
            <div class="main-panel-content rounded-window-bottom">
              <div class="method">
                <div class="method-content">
                  <a name="verifyMissingNameToast(male, Aruba)">
                  </a> <!-- verifyMissingNameToast(male, Aruba) -->
                  <span class="method-name">verifyMissingNameToast</span>
                  <span class="parameters">(male, Aruba)</span>
                  <em>
(GSTORE-FORM-005 | Validate toast message when name is missing)                  </em>
                </div> <!-- method-content -->
              </div> <!-- method -->
              <div class="method">
                <div class="method-content">
                  <a name="verifyMissingNameToast(female, Argentina)">
                  </a> <!-- verifyMissingNameToast(female, Argentina) -->
                  <span class="method-name">verifyMissingNameToast</span>
                  <span class="parameters">(female, Argentina)</span>
                  <em>
(GSTORE-FORM-005 | Validate toast message when name is missing)                  </em>
                </div> <!-- method-content -->
              </div> <!-- method -->
            </div> <!-- main-panel-content rounded-window-bottom -->
          </div> <!-- suite-Master_Suite-class-passed -->
          <div class="suite-Master_Suite-class-passed">
            <div class="main-panel-header rounded-window-top">
              <img src="passed.png"/>
              <span class="class-name">automationtestingedge.FillFormParameterizedTest</span>
            </div> <!-- main-panel-header rounded-window-top -->
            <div class="main-panel-content rounded-window-bottom">
              <div class="method">
                <div class="method-content">
                  <a name="shouldNavigateToProductCatalogueAfterValidFormSubmit(testUser2, male, Aruba)">
                  </a> <!-- shouldNavigateToProductCatalogueAfterValidFormSubmit(testUser2, male, Aruba) -->
                  <span class="method-name">shouldNavigateToProductCatalogueAfterValidFormSubmit</span>
                  <span class="parameters">(testUser2, male, Aruba)</span>
                  <em>
(GSTORE-FORM-002 | Submitting valid form navigates to product catalogue)                  </em>
                </div> <!-- method-content -->
              </div> <!-- method -->
              <div class="method">
                <div class="method-content">
                  <a name="shouldNavigateToProductCatalogueAfterValidFormSubmit(testUser1, female, Argentina)">
                  </a> <!-- shouldNavigateToProductCatalogueAfterValidFormSubmit(testUser1, female, Argentina) -->
                  <span class="method-name">shouldNavigateToProductCatalogueAfterValidFormSubmit</span>
                  <span class="parameters">(testUser1, female, Argentina)</span>
                  <em>
(GSTORE-FORM-002 | Submitting valid form navigates to product catalogue)                  </em>
                </div> <!-- method-content -->
              </div> <!-- method -->
              <div class="method">
                <div class="method-content">
                  <a name="shouldShowErrorToastWhenNameIsMissing(testUser1, female, Argentina)">
                  </a> <!-- shouldShowErrorToastWhenNameIsMissing(testUser1, female, Argentina) -->
                  <span class="method-name">shouldShowErrorToastWhenNameIsMissing</span>
                  <span class="parameters">(testUser1, female, Argentina)</span>
                  <em>
(GSTORE-FORM-001 | Should show error toast when name is missing)                  </em>
                </div> <!-- method-content -->
              </div> <!-- method -->
              <div class="method">
                <div class="method-content">
                  <a name="shouldShowErrorToastWhenNameIsMissing(testUser2, male, Aruba)">
                  </a> <!-- shouldShowErrorToastWhenNameIsMissing(testUser2, male, Aruba) -->
                  <span class="method-name">shouldShowErrorToastWhenNameIsMissing</span>
                  <span class="parameters">(testUser2, male, Aruba)</span>
                  <em>
(GSTORE-FORM-001 | Should show error toast when name is missing)                  </em>
                </div> <!-- method-content -->
              </div> <!-- method -->
            </div> <!-- main-panel-content rounded-window-bottom -->
          </div> <!-- suite-Master_Suite-class-passed -->
          <div class="suite-Master_Suite-class-passed">
            <div class="main-panel-header rounded-window-top">
              <img src="passed.png"/>
              <span class="class-name">automationtestingedge.AddProductToCartTest</span>
            </div> <!-- main-panel-header rounded-window-top -->
            <div class="main-panel-content rounded-window-bottom">
              <div class="method">
                <div class="method-content">
                  <a name="verifySingleProductAddedToCart">
                  </a> <!-- verifySingleProductAddedToCart -->
                  <span class="method-name">verifySingleProductAddedToCart</span>
                  <em>
(GSTORE-CART-003 | Validate adding a single product to cart)                  </em>
                </div> <!-- method-content -->
              </div> <!-- method -->
            </div> <!-- main-panel-content rounded-window-bottom -->
          </div> <!-- suite-Master_Suite-class-passed -->
        </div> <!-- panel Master_Suite -->
        <div panel-name="test-xml-Master_Suite" class="panel">
          <div class="main-panel-header rounded-window-top">
            <span class="header-content">C:\Users\tgt661\eclipse-workspace\AppiumFramework\testNGSuites\master-suite.xml</span>
          </div> <!-- main-panel-header rounded-window-top -->
          <div class="main-panel-content rounded-window-bottom">
            <pre>
&lt;?xml version=&quot;1.0&quot; encoding=&quot;UTF-8&quot;?&gt;
&lt;!DOCTYPE suite SYSTEM &quot;http://testng.org/testng-1.0.dtd&quot;&gt;
&lt;suite name=&quot;Master Suite&quot; guice-stage=&quot;DEVELOPMENT&quot; verbose=&quot;0&quot;&gt;
  &lt;listeners&gt;
    &lt;listener class-name=&quot;TestBase.Listeners&quot;/&gt;
  &lt;/listeners&gt;
  &lt;test thread-count=&quot;5&quot; name=&quot;All Tests&quot; verbose=&quot;0&quot;&gt;
    &lt;classes&gt;
      &lt;class name=&quot;automationtestingedge.FillFormTests&quot;/&gt;
      &lt;class name=&quot;automationtestingedge.FillFormDataProviderTest&quot;/&gt;
      &lt;class name=&quot;automationtestingedge.FillFormParameterizedTest&quot;/&gt;
      &lt;class name=&quot;automationtestingedge.AddProductToCartTest&quot;/&gt;
      &lt;class name=&quot;automationtestingedge.EndToEndFlowTest&quot;/&gt;
    &lt;/classes&gt;
  &lt;/test&gt; &lt;!-- All Tests --&gt;
&lt;/suite&gt; &lt;!-- Master Suite --&gt;
            </pre>
          </div> <!-- main-panel-content rounded-window-bottom -->
        </div> <!-- panel -->
        <div panel-name="testlist-Master_Suite" class="panel">
          <div class="main-panel-header rounded-window-top">
            <span class="header-content">Tests for Master Suite</span>
          </div> <!-- main-panel-header rounded-window-top -->
          <div class="main-panel-content rounded-window-bottom">
            <ul>
              <li>
                <span class="test-name">All Tests (5 classes)</span>
              </li>
            </ul>
          </div> <!-- main-panel-content rounded-window-bottom -->
        </div> <!-- panel -->
        <div panel-name="group-Master_Suite" class="panel">
          <div class="main-panel-header rounded-window-top">
            <span class="header-content">Groups for Master Suite</span>
          </div> <!-- main-panel-header rounded-window-top -->
          <div class="main-panel-content rounded-window-bottom">
            <div class="test-group">
              <span class="test-group-name">regression</span>
              <br/>
              <div class="method-in-group">
                <span class="method-in-group-name">shouldNavigateToProductCatalogueAfterValidFormSubmit</span>
                <br/>
              </div> <!-- method-in-group -->
              <div class="method-in-group">
                <span class="method-in-group-name">shouldShowErrorToastWhenNameIsMissing</span>
                <br/>
              </div> <!-- method-in-group -->
              <div class="method-in-group">
                <span class="method-in-group-name">verifyFormSubmissionLoadsProducts</span>
                <br/>
              </div> <!-- method-in-group -->
              <div class="method-in-group">
                <span class="method-in-group-name">verifyMissingNameErrorToast</span>
                <br/>
              </div> <!-- method-in-group -->
              <div class="method-in-group">
                <span class="method-in-group-name">verifyMissingNameToast</span>
                <br/>
              </div> <!-- method-in-group -->
              <div class="method-in-group">
                <span class="method-in-group-name">verifyMultipleProductsAddedToCart</span>
                <br/>
              </div> <!-- method-in-group -->
              <div class="method-in-group">
                <span class="method-in-group-name">verifyProductCatalogueDisplayed</span>
                <br/>
              </div> <!-- method-in-group -->
              <div class="method-in-group">
                <span class="method-in-group-name">verifySingleProductAddedToCart</span>
                <br/>
              </div> <!-- method-in-group -->
              <div class="method-in-group">
                <span class="method-in-group-name">verifySingleProductCartTotal</span>
                <br/>
              </div> <!-- method-in-group -->
              <div class="method-in-group">
                <span class="method-in-group-name">verifySuccessfulFormSubmission</span>
                <br/>
              </div> <!-- method-in-group -->
            </div> <!-- test-group -->
            <div class="test-group">
              <span class="test-group-name">sanity</span>
              <br/>
              <div class="method-in-group">
                <span class="method-in-group-name">verifyMultipleProductCartTotal</span>
                <br/>
              </div> <!-- method-in-group -->
              <div class="method-in-group">
                <span class="method-in-group-name">verifySingleProductAddedToCart</span>
                <br/>
              </div> <!-- method-in-group -->
              <div class="method-in-group">
                <span class="method-in-group-name">verifySuccessfulFormSubmission</span>
                <br/>
              </div> <!-- method-in-group -->
            </div> <!-- test-group -->
            <div class="test-group">
              <span class="test-group-name">smoke</span>
              <br/>
              <div class="method-in-group">
                <span class="method-in-group-name">verifyMissingNameErrorToast</span>
                <br/>
              </div> <!-- method-in-group -->
              <div class="method-in-group">
                <span class="method-in-group-name">verifyMultipleProductsAddedToCart</span>
                <br/>
              </div> <!-- method-in-group -->
            </div> <!-- test-group -->
          </div> <!-- main-panel-content rounded-window-bottom -->
        </div> <!-- panel -->
        <div panel-name="times-Master_Suite" class="panel">
          <div class="main-panel-header rounded-window-top">
            <span class="header-content">Times for Master Suite</span>
          </div> <!-- main-panel-header rounded-window-top -->
          <div class="main-panel-content rounded-window-bottom">
            <div class="times-div">
              <script type="text/javascript">
suiteTableInitFunctions.push('tableData_Master_Suite');
function tableData_Master_Suite() {
var data = new google.visualization.DataTable();
data.addColumn('number', 'Number');
data.addColumn('string', 'Method');
data.addColumn('string', 'Class');
data.addColumn('number', 'Time (ms)');
data.addRows(19);
data.setCell(0, 0, 0)
data.setCell(0, 1, 'verifySingleProductCartTotal')
data.setCell(0, 2, 'automationtestingedge.EndToEndFlowTest')
data.setCell(0, 3, 29292);
data.setCell(1, 0, 1)
data.setCell(1, 1, 'verifyMultipleProductCartTotal')
data.setCell(1, 2, 'automationtestingedge.EndToEndFlowTest')
data.setCell(1, 3, 27987);
data.setCell(2, 0, 2)
data.setCell(2, 1, 'verifyMultipleProductCartTotal')
data.setCell(2, 2, 'automationtestingedge.EndToEndFlowTest')
data.setCell(2, 3, 24774);
data.setCell(3, 0, 3)
data.setCell(3, 1, 'verifySingleProductAddedToCart')
data.setCell(3, 2, 'automationtestingedge.AddProductToCartTest')
data.setCell(3, 3, 24750);
data.setCell(4, 0, 4)
data.setCell(4, 1, 'verifySingleProductCartTotal')
data.setCell(4, 2, 'automationtestingedge.EndToEndFlowTest')
data.setCell(4, 3, 22435);
data.setCell(5, 0, 5)
data.setCell(5, 1, 'shouldShowErrorToastWhenNameIsMissing')
data.setCell(5, 2, 'automationtestingedge.FillFormParameterizedTest')
data.setCell(5, 3, 19838);
data.setCell(6, 0, 6)
data.setCell(6, 1, 'shouldNavigateToProductCatalogueAfterValidFormSubmit')
data.setCell(6, 2, 'automationtestingedge.FillFormParameterizedTest')
data.setCell(6, 3, 19534);
data.setCell(7, 0, 7)
data.setCell(7, 1, 'verifyProductCatalogueDisplayed')
data.setCell(7, 2, 'automationtestingedge.EndToEndFlowTest')
data.setCell(7, 3, 18970);
data.setCell(8, 0, 8)
data.setCell(8, 1, 'shouldNavigateToProductCatalogueAfterValidFormSubmit')
data.setCell(8, 2, 'automationtestingedge.FillFormParameterizedTest')
data.setCell(8, 3, 17672);
data.setCell(9, 0, 9)
data.setCell(9, 1, 'verifyMissingNameToast')
data.setCell(9, 2, 'automationtestingedge.FillFormDataProviderTest')
data.setCell(9, 3, 16957);
data.setCell(10, 0, 10)
data.setCell(10, 1, 'verifyMissingNameToast')
data.setCell(10, 2, 'automationtestingedge.EndToEndFlowTest')
data.setCell(10, 3, 13582);
data.setCell(11, 0, 11)
data.setCell(11, 1, 'verifyMissingNameToast')
data.setCell(11, 2, 'automationtestingedge.FillFormDataProviderTest')
data.setCell(11, 3, 13421);
data.setCell(12, 0, 12)
data.setCell(12, 1, 'verifyProductCatalogueDisplayed')
data.setCell(12, 2, 'automationtestingedge.EndToEndFlowTest')
data.setCell(12, 3, 13121);
data.setCell(13, 0, 13)
data.setCell(13, 1, 'shouldShowErrorToastWhenNameIsMissing')
data.setCell(13, 2, 'automationtestingedge.FillFormParameterizedTest')
data.setCell(13, 3, 13083);
data.setCell(14, 0, 14)
data.setCell(14, 1, 'verifyMissingNameErrorToast')
data.setCell(14, 2, 'automationtestingedge.FillFormTests')
data.setCell(14, 3, 46);
data.setCell(15, 0, 15)
data.setCell(15, 1, 'verifyFormSubmissionLoadsProducts')
data.setCell(15, 2, 'automationtestingedge.FillFormDataProviderTest')
data.setCell(15, 3, 19);
data.setCell(16, 0, 16)
data.setCell(16, 1, 'verifyFormSubmissionLoadsProducts')
data.setCell(16, 2, 'automationtestingedge.FillFormDataProviderTest')
data.setCell(16, 3, 17);
data.setCell(17, 0, 17)
data.setCell(17, 1, 'verifyMultipleProductsAddedToCart')
data.setCell(17, 2, 'automationtestingedge.AddProductToCartTest')
data.setCell(17, 3, 17);
data.setCell(18, 0, 18)
data.setCell(18, 1, 'verifySuccessfulFormSubmission')
data.setCell(18, 2, 'automationtestingedge.FillFormTests')
data.setCell(18, 3, 16);
window.suiteTableData['Master_Suite']= { tableData: data, tableDiv: 'times-div-Master_Suite'}
return data;
}
              </script>
              <span class="suite-total-time">Total running time: 4 minutes</span>
              <div id="times-div-Master_Suite">
              </div> <!-- times-div-Master_Suite -->
            </div> <!-- times-div -->
          </div> <!-- main-panel-content rounded-window-bottom -->
        </div> <!-- panel -->
        <div panel-name="reporter-Master_Suite" class="panel">
          <div class="main-panel-header rounded-window-top">
            <span class="header-content">Reporter output for Master Suite</span>
          </div> <!-- main-panel-header rounded-window-top -->
          <div class="main-panel-content rounded-window-bottom">
          </div> <!-- main-panel-content rounded-window-bottom -->
        </div> <!-- panel -->
        <div panel-name="ignored-methods-Master_Suite" class="panel">
          <div class="main-panel-header rounded-window-top">
            <span class="header-content">0 ignored methods</span>
          </div> <!-- main-panel-header rounded-window-top -->
          <div class="main-panel-content rounded-window-bottom">
          </div> <!-- main-panel-content rounded-window-bottom -->
        </div> <!-- panel -->
        <div panel-name="chronological-Master_Suite" class="panel">
          <div class="main-panel-header rounded-window-top">
            <span class="header-content">Methods in chronological order</span>
          </div> <!-- main-panel-header rounded-window-top -->
          <div class="main-panel-content rounded-window-bottom">
            <div class="chronological-class">
              <div class="chronological-class-name">automationtestingedge.FillFormParameterizedTest</div> <!-- chronological-class-name -->
              <div class="configuration-class before">
                <span class="method-name">configureAppium</span>
                <span class="method-start">0 ms</span>
              </div> <!-- configuration-class before -->
              <div class="configuration-method before">
                <span class="method-name">resetApplicationState</span>
                <span class="method-start">26361 ms</span>
              </div> <!-- configuration-method before -->
              <div class="test-method">
                <span class="method-name">shouldNavigateToProductCatalogueAfterValidFormSubmit(testUser1, female, Argentina)</span>
                <span class="method-start">28978 ms</span>
              </div> <!-- test-method -->
              <div class="configuration-method before">
                <span class="method-name">resetApplicationState</span>
                <span class="method-start">46654 ms</span>
              </div> <!-- configuration-method before -->
              <div class="test-method">
                <span class="method-name">shouldNavigateToProductCatalogueAfterValidFormSubmit(testUser2, male, Aruba)</span>
                <span class="method-start">48420 ms</span>
              </div> <!-- test-method -->
              <div class="configuration-method before">
                <span class="method-name">resetApplicationState</span>
                <span class="method-start">67988 ms</span>
              </div> <!-- configuration-method before -->
              <div class="test-method">
                <span class="method-name">shouldShowErrorToastWhenNameIsMissing(testUser1, female, Argentina)</span>
                <span class="method-start">70178 ms</span>
              </div> <!-- test-method -->
              <div class="configuration-method before">
                <span class="method-name">resetApplicationState</span>
                <span class="method-start">83262 ms</span>
              </div> <!-- configuration-method before -->
              <div class="test-method">
                <span class="method-name">shouldShowErrorToastWhenNameIsMissing(testUser2, male, Aruba)</span>
                <span class="method-start">85558 ms</span>
              </div> <!-- test-method -->
              <div class="configuration-class after">
                <span class="method-name">tearDown</span>
                <span class="method-start">105396 ms</span>
              </div> <!-- configuration-class after -->
            </div> <!-- chronological-class -->
            <div class="chronological-class">
              <div class="chronological-class-name">automationtestingedge.EndToEndFlowTest</div> <!-- chronological-class-name -->
              <div class="configuration-class before">
                <span class="method-name">configureAppium</span>
                <span class="method-start">107803 ms</span>
              </div> <!-- configuration-class before -->
              <div class="configuration-method before">
                <span class="method-name">resetApplicationState</span>
                <span class="method-start">131210 ms</span>
              </div> <!-- configuration-method before -->
              <div class="test-method">
                <span class="method-name">verifyMissingNameToast</span>
                <span class="method-start">133095 ms</span>
              </div> <!-- test-method -->
              <div class="configuration-method before">
                <span class="method-name">resetApplicationState</span>
                <span class="method-start">146686 ms</span>
              </div> <!-- configuration-method before -->
              <div class="test-method">
                <span class="method-name">verifyMultipleProductCartTotal(testUser1, female, Argentina)</span>
                <span class="method-start">148740 ms</span>
              </div> <!-- test-method -->
              <div class="configuration-method before">
                <span class="method-name">resetApplicationState</span>
                <span class="method-start">173515 ms</span>
              </div> <!-- configuration-method before -->
              <div class="test-method">
                <span class="method-name">verifyMultipleProductCartTotal(testUser2, male, Aruba)</span>
                <span class="method-start">175823 ms</span>
              </div> <!-- test-method -->
              <div class="configuration-method before">
                <span class="method-name">resetApplicationState</span>
                <span class="method-start">203818 ms</span>
              </div> <!-- configuration-method before -->
              <div class="test-method">
                <span class="method-name">verifyProductCatalogueDisplayed(testUser1, female, Argentina)</span>
                <span class="method-start">206543 ms</span>
              </div> <!-- test-method -->
              <div class="configuration-method before">
                <span class="method-name">resetApplicationState</span>
                <span class="method-start">219664 ms</span>
              </div> <!-- configuration-method before -->
              <div class="test-method">
                <span class="method-name">verifyProductCatalogueDisplayed(testUser2, male, Aruba)</span>
                <span class="method-start">221082 ms</span>
              </div> <!-- test-method -->
              <div class="configuration-method before">
                <span class="method-name">resetApplicationState</span>
                <span class="method-start">240056 ms</span>
              </div> <!-- configuration-method before -->
              <div class="test-method">
                <span class="method-name">verifySingleProductCartTotal(testUser1, female, Argentina)</span>
                <span class="method-start">242014 ms</span>
              </div> <!-- test-method -->
              <div class="configuration-method before">
                <span class="method-name">resetApplicationState</span>
                <span class="method-start">264450 ms</span>
              </div> <!-- configuration-method before -->
              <div class="test-method">
                <span class="method-name">verifySingleProductCartTotal(testUser2, male, Aruba)</span>
                <span class="method-start">266718 ms</span>
              </div> <!-- test-method -->
              <div class="configuration-class after">
                <span class="method-name">tearDown</span>
                <span class="method-start">296011 ms</span>
              </div> <!-- configuration-class after -->
            </div> <!-- chronological-class -->
            <div class="chronological-class">
              <div class="chronological-class-name">automationtestingedge.FillFormDataProviderTest</div> <!-- chronological-class-name -->
              <div class="configuration-class before">
                <span class="method-name">configureAppium</span>
                <span class="method-start">298448 ms</span>
              </div> <!-- configuration-class before -->
              <div class="configuration-method before">
                <span class="method-name">resetApplicationState</span>
                <span class="method-start">319135 ms</span>
              </div> <!-- configuration-method before -->
              <div class="test-method">
                <span class="method-name">verifyMissingNameToast(female, Argentina)</span>
                <span class="method-start">321157 ms</span>
              </div> <!-- test-method -->
              <div class="configuration-method before">
                <span class="method-name">resetApplicationState</span>
                <span class="method-start">334578 ms</span>
              </div> <!-- configuration-method before -->
              <div class="test-method">
                <span class="method-name">verifyMissingNameToast(male, Aruba)</span>
                <span class="method-start">336671 ms</span>
              </div> <!-- test-method -->
            </div> <!-- chronological-class -->
            <div class="chronological-class">
              <div class="chronological-class-name">automationtestingedge.AddProductToCartTest</div> <!-- chronological-class-name -->
              <div class="configuration-class before">
                <span class="method-name">configureAppium</span>
                <span class="method-start">353633 ms</span>
              </div> <!-- configuration-class before -->
              <div class="configuration-method before">
                <span class="method-name">resetApplicationState</span>
                <span class="method-start">371141 ms</span>
              </div> <!-- configuration-method before -->
              <div class="test-method">
                <span class="method-name">verifySingleProductAddedToCart</span>
                <span class="method-start">373070 ms</span>
              </div> <!-- test-method -->
            </div> <!-- chronological-class -->
            <div class="chronological-class">
              <div class="chronological-class-name">automationtestingedge.FillFormTests</div> <!-- chronological-class-name -->
              <div class="configuration-class before">
                <span class="method-name">configureAppium</span>
                <span class="method-start">397823 ms</span>
              </div> <!-- configuration-class before -->
              <div class="configuration-method before">
                <span class="method-name">resetApplicationState</span>
                <span class="method-start">420043 ms</span>
              </div> <!-- configuration-method before -->
              <div class="test-method">
                <img src="failed.png">
                </img>
                <span class="method-name">verifyMissingNameErrorToast</span>
                <span class="method-start">421691 ms</span>
              </div> <!-- test-method -->
              <div class="configuration-method before">
                <span class="method-name">resetApplicationState</span>
                <span class="method-start">421798 ms</span>
              </div> <!-- configuration-method before -->
              <div class="test-method">
                <img src="failed.png">
                </img>
                <span class="method-name">verifySuccessfulFormSubmission</span>
                <span class="method-start">423625 ms</span>
              </div> <!-- test-method -->
              <div class="configuration-class after">
                <span class="method-name">tearDown</span>
                <span class="method-start">423663 ms</span>
              </div> <!-- configuration-class after -->
            </div> <!-- chronological-class -->
            <div class="chronological-class">
              <div class="chronological-class-name">automationtestingedge.FillFormDataProviderTest</div> <!-- chronological-class-name -->
              <div class="configuration-method before">
                <span class="method-name">resetApplicationState</span>
                <span class="method-start">425117 ms</span>
              </div> <!-- configuration-method before -->
              <div class="test-method">
                <img src="failed.png">
                </img>
                <span class="method-name">verifyFormSubmissionLoadsProducts(testUser1, female, Argentina)</span>
                <span class="method-start">425143 ms</span>
              </div> <!-- test-method -->
              <div class="configuration-method before">
                <span class="method-name">resetApplicationState</span>
                <span class="method-start">425174 ms</span>
              </div> <!-- configuration-method before -->
              <div class="test-method">
                <img src="failed.png">
                </img>
                <span class="method-name">verifyFormSubmissionLoadsProducts(testUser2, male, Aruba)</span>
                <span class="method-start">425195 ms</span>
              </div> <!-- test-method -->
              <div class="configuration-class after">
                <img src="failed.png">
                </img>
                <span class="method-name">tearDown</span>
                <span class="method-start">425218 ms</span>
              </div> <!-- configuration-class after -->
            </div> <!-- chronological-class -->
            <div class="chronological-class">
              <div class="chronological-class-name">automationtestingedge.AddProductToCartTest</div> <!-- chronological-class-name -->
              <div class="configuration-method before">
                <span class="method-name">resetApplicationState</span>
                <span class="method-start">425228 ms</span>
              </div> <!-- configuration-method before -->
              <div class="test-method">
                <img src="failed.png">
                </img>
                <span class="method-name">verifyMultipleProductsAddedToCart</span>
                <span class="method-start">425733 ms</span>
              </div> <!-- test-method -->
              <div class="configuration-class after">
                <span class="method-name">tearDown</span>
                <span class="method-start">425758 ms</span>
              </div> <!-- configuration-class after -->
          </div> <!-- main-panel-content rounded-window-bottom -->
        </div> <!-- panel -->
      </div> <!-- main-panel-root -->
    </div> <!-- wrapper -->
  </body>
</html>
