<?xml version="1.0" encoding="UTF-8"?>
<!-- Generated by org.testng.reporters.JUnitReportReporter -->
<testsuite hostname="TGC-VRGNR-175" failures="0" tests="4" name="automationtestingedge.TC_001_android_FillForm_Para" time="95.913" errors="0" timestamp="01 Dec 2025 10:39:17 GMT" skipped="0">
  <testcase classname="automationtestingedge.TC_001_android_FillForm_Para" name="errorValidation" time="24.718"/>
  <testcase classname="automationtestingedge.TC_001_android_FillForm_Para" name="formSubmitValidation" time="27.792"/>
  <testcase classname="automationtestingedge.TC_001_android_FillForm_Para" name="errorValidation" time="21.042"/>
  <testcase classname="automationtestingedge.TC_001_android_FillForm_Para" name="formSubmitValidation" time="22.361"/>
</testsuite> <!-- automationtestingedge.TC_001_android_FillForm_Para -->
