<?xml version="1.0" encoding="UTF-8"?>
<!-- Generated by org.testng.reporters.JUnitReportReporter -->
<testsuite hostname="TGC-VRGNR-175" failures="0" tests="3" name="automationtestingedge.TC_All_android" time="50.209" errors="0" timestamp="01 Dec 2025 09:32:25 GMT" skipped="0">
  <testcase classname="automationtestingedge.TC_All_android" name="formSubmitValidation" time="12.573"/>
  <testcase classname="automationtestingedge.TC_All_android" name="errorValidation" time="12.415"/>
  <testcase classname="automationtestingedge.TC_All_android" name="addProductToCart" time="25.221"/>
</testsuite> <!-- automationtestingedge.TC_All_android -->
