<?xml version="1.0" encoding="UTF-8"?>
<!-- Generated by org.testng.reporters.JUnitReportReporter -->
<testsuite hostname="TGC-VRGNR-175" failures="0" tests="2" name="automationtestingedge.TC_001_android_FillForm" time="31.269" errors="0" timestamp="01 Dec 2025 09:32:25 GMT" skipped="0">
  <testcase classname="automationtestingedge.TC_001_android_FillForm" name="errorValidation" time="14.940"/>
  <testcase classname="automationtestingedge.TC_001_android_FillForm" name="formSubmitValidation" time="16.329"/>
</testsuite> <!-- automationtestingedge.TC_001_android_FillForm -->
