<?xml version="1.0" encoding="UTF-8"?>
<!-- Generated by org.testng.reporters.JUnitReportReporter -->
<testsuite hostname="TGC-VRGNR-175" failures="0" tests="4" name="automationtestingedge.TC_001_android_FillForm_DataProvider" time="93.309" errors="0" timestamp="01 Dec 2025 09:51:52 GMT" skipped="0">
  <testcase classname="automationtestingedge.TC_001_android_FillForm_DataProvider" name="formSubmitValidation" time="22.752"/>
  <testcase classname="automationtestingedge.TC_001_android_FillForm_DataProvider" name="formSubmitValidation" time="26.640"/>
  <testcase classname="automationtestingedge.TC_001_android_FillForm_DataProvider" name="errorValidation" time="23.637"/>
  <testcase classname="automationtestingedge.TC_001_android_FillForm_DataProvider" name="errorValidation" time="20.280"/>
</testsuite> <!-- automationtestingedge.TC_001_android_FillForm_DataProvider -->
