<?xml version="1.0" encoding="UTF-8"?>
<!-- Generated by org.testng.reporters.JUnitReportReporter -->
<testsuite hostname="TGC-VRGNR-175" failures="0" tests="2" name="automationtestingedge.TC_002_android_addProductToCart" time="49.373" errors="0" timestamp="01 Dec 2025 09:32:25 GMT" skipped="0">
  <testcase classname="automationtestingedge.TC_002_android_addProductToCart" name="addProductToCart" time="24.646"/>
  <testcase classname="automationtestingedge.TC_002_android_addProductToCart" name="addMultipleProductToCart" time="24.727"/>
</testsuite> <!-- automationtestingedge.TC_002_android_addProductToCart -->
