<?xml version="1.0" encoding="UTF-8"?>
<!-- Generated by org.testng.reporters.JUnitReportReporter -->
<testsuite hostname="TGC-VRGNR-175" failures="0" tests="2" name="automationtestingedge.TC_004_android_FillForm_Para" time="61.687" errors="0" timestamp="02 Dec 2025 08:05:32 GMT" skipped="0">
  <testcase classname="automationtestingedge.TC_004_android_FillForm_Para" name="formSubmitValidation" time="32.456"/>
  <testcase classname="automationtestingedge.TC_004_android_FillForm_Para" name="formSubmitValidation" time="29.231"/>
</testsuite> <!-- automationtestingedge.TC_004_android_FillForm_Para -->
