<?xml version="1.0" encoding="UTF-8"?>
<!-- Generated by org.testng.reporters.JUnitReportReporter -->
<testsuite hostname="TGC-VRGNR-175" failures="0" tests="4" name="automationtestingedge.FillFormDataProviderTest" time="62.777" errors="0" timestamp="05 Dec 2025 12:21:41 GMT" skipped="0">
  <testcase classname="automationtestingedge.FillFormDataProviderTest" name="verifyMissingNameToast" time="16.447"/>
  <testcase classname="automationtestingedge.FillFormDataProviderTest" name="verifyMissingNameToast" time="13.751"/>
  <testcase classname="automationtestingedge.FillFormDataProviderTest" name="verifyFormSubmissionLoadsProducts" time="13.915"/>
  <testcase classname="automationtestingedge.FillFormDataProviderTest" name="verifyFormSubmissionLoadsProducts" time="18.664"/>
</testsuite> <!-- automationtestingedge.FillFormDataProviderTest -->
