<?xml version="1.0" encoding="UTF-8"?>
<!-- Generated by org.testng.reporters.JUnitReportReporter -->
<testsuite hostname="TGC-VRGNR-175" failures="0" tests="2" name="automationtestingedge.TC_003_android_FillForm" time="20.366" errors="0" timestamp="01 Dec 2025 08:23:44 GMT" skipped="0">
  <testcase classname="automationtestingedge.TC_003_android_FillForm" name="formSubmitValidation" time="9.846"/>
  <testcase classname="automationtestingedge.TC_003_android_FillForm" name="errorValidation" time="10.520"/>
</testsuite> <!-- automationtestingedge.TC_003_android_FillForm -->
