<?xml version="1.0" encoding="UTF-8"?>
<!-- Generated by org.testng.reporters.JUnitReportReporter -->
<testsuite hostname="TGC-VRGNR-175" failures="0" tests="4" name="automationtestingedge.FillFormParameterizedTest" time="78.996" errors="0" timestamp="05 Dec 2025 12:48:36 GMT" skipped="0">
  <testcase classname="automationtestingedge.FillFormParameterizedTest" name="shouldShowErrorToastWhenNameIsMissing" time="14.849"/>
  <testcase classname="automationtestingedge.FillFormParameterizedTest" name="shouldNavigateToProductCatalogueAfterValidFormSubmit" time="21.830"/>
  <testcase classname="automationtestingedge.FillFormParameterizedTest" name="shouldNavigateToProductCatalogueAfterValidFormSubmit" time="20.289"/>
  <testcase classname="automationtestingedge.FillFormParameterizedTest" name="shouldShowErrorToastWhenNameIsMissing" time="22.028"/>
</testsuite> <!-- automationtestingedge.FillFormParameterizedTest -->
