<?xml version="1.0" encoding="UTF-8"?>
<!-- Generated by org.testng.reporters.JUnitReportReporter -->
<testsuite hostname="TGC-VRGNR-175" failures="0" tests="7" name="automationtestingedge.EndToEndFlowTest" time="164.777" errors="0" timestamp="05 Dec 2025 12:48:36 GMT" skipped="0">
  <testcase classname="automationtestingedge.EndToEndFlowTest" name="verifyMultipleProductCartTotal" time="30.295"/>
  <testcase classname="automationtestingedge.EndToEndFlowTest" name="verifyProductCatalogueDisplayed" time="15.079"/>
  <testcase classname="automationtestingedge.EndToEndFlowTest" name="verifyMultipleProductCartTotal" time="27.042"/>
  <testcase classname="automationtestingedge.EndToEndFlowTest" name="verifySingleProductCartTotal" time="23.853"/>
  <testcase classname="automationtestingedge.EndToEndFlowTest" name="verifySingleProductCartTotal" time="32.017"/>
  <testcase classname="automationtestingedge.EndToEndFlowTest" name="verifyMissingNameToast" time="15.467"/>
  <testcase classname="automationtestingedge.EndToEndFlowTest" name="verifyProductCatalogueDisplayed" time="21.024"/>
</testsuite> <!-- automationtestingedge.EndToEndFlowTest -->
